Log file open, 08/28/24 20:33:28
LogInit: Display: Running engine for game: Tada01_Start
LogPlatformFile: Not using cached read wrapper
LogTaskGraph: Started task graph with 5 named threads and 20 total threads with 3 sets of task threads.
LogStats: Stats thread started at 0.179451
LogD3D11RHI: Loaded GFSDK_Aftermath_Lib.x64.dll
LogICUInternationalization: ICU TimeZone Detection - Raw Offset: +9:00, Platform Override: ''
LogPluginManager: Mounting plugin Paper2D
LogPluginManager: Mounting plugin AISupport
LogPluginManager: Mounting plugin LightPropagationVolume
LogPluginManager: Mounting plugin CameraShakePreviewer
LogPluginManager: Mounting plugin ActorLayerUtilities
LogPluginManager: Mounting plugin AnimationSharing
LogPluginManager: Mounting plugin CLionSourceCodeAccess
LogPluginManager: Mounting plugin CodeLiteSourceCodeAccess
LogPluginManager: Mounting plugin GitSourceControl
LogPluginManager: Mounting plugin KDevelopSourceCodeAccess
LogPluginManager: Mounting plugin NullSourceCodeAccess
LogPluginManager: Mounting plugin PerforceSourceControl
LogPluginManager: Mounting plugin PlasticSourceControl
LogPluginManager: Mounting plugin RiderSourceCodeAccess
LogPluginManager: Mounting plugin SubversionSourceControl
LogPluginManager: Mounting plugin UObjectPlugin
LogPluginManager: Mounting plugin VisualStudioCodeSourceCodeAccess
LogPluginManager: Mounting plugin VisualStudioSourceCodeAccess
LogPluginManager: Mounting plugin XCodeSourceCodeAccess
LogPluginManager: Mounting plugin AssetManagerEditor
LogPluginManager: Mounting plugin CryptoKeys
LogPluginManager: Mounting plugin CurveEditorTools
LogPluginManager: Mounting plugin DataValidation
LogPluginManager: Mounting plugin EditorScriptingUtilities
LogPluginManager: Mounting plugin FacialAnimation
LogPluginManager: Mounting plugin GameplayTagsEditor
LogPluginManager: Mounting plugin GeometryMode
LogPluginManager: Mounting plugin MacGraphicsSwitching
LogPluginManager: Mounting plugin MaterialAnalyzer
LogPluginManager: Mounting plugin MobileLauncherProfileWizard
LogPluginManager: Mounting plugin PluginBrowser
LogPluginManager: Mounting plugin SpeedTreeImporter
LogPluginManager: Mounting plugin DatasmithContent
LogPluginManager: Mounting plugin VariantManagerContent
LogPluginManager: Mounting plugin AlembicImporter
LogPluginManager: Mounting plugin AutomationUtils
LogPluginManager: Mounting plugin BackChannel
LogPluginManager: Mounting plugin ChaosCloth
LogPluginManager: Mounting plugin ChaosClothEditor
LogPluginManager: Mounting plugin ChaosEditor
LogPluginManager: Mounting plugin ChaosNiagara
LogPluginManager: Mounting plugin ChaosSolverPlugin
LogPluginManager: Mounting plugin CharacterAI
LogPluginManager: Mounting plugin GeometryCache
LogPluginManager: Mounting plugin GeometryCollectionPlugin
LogPluginManager: Mounting plugin GeometryProcessing
LogPluginManager: Mounting plugin PlanarCut
LogPluginManager: Mounting plugin PlatformCrypto
LogPluginManager: Mounting plugin ProxyLODPlugin
LogPluginManager: Mounting plugin SkeletalReduction
LogPluginManager: Mounting plugin Niagara
LogPluginManager: Mounting plugin MagicLeap
LogPluginManager: Mounting plugin MagicLeapLightEstimation
LogPluginManager: Mounting plugin MagicLeapMedia
LogPluginManager: Mounting plugin MagicLeapPassableWorld
LogPluginManager: Mounting plugin MLSDK
LogPluginManager: Mounting plugin AndroidMedia
LogPluginManager: Mounting plugin AvfMedia
LogPluginManager: Mounting plugin ImgMedia
LogPluginManager: Mounting plugin MediaCompositing
LogPluginManager: Mounting plugin MediaPlayerEditor
LogPluginManager: Mounting plugin WebMMedia
LogPluginManager: Mounting plugin WmfMedia
LogPluginManager: Mounting plugin MeshPainting
LogPluginManager: Mounting plugin TcpMessaging
LogPluginManager: Mounting plugin UdpMessaging
LogPluginManager: Mounting plugin ActorSequence
LogPluginManager: Mounting plugin LevelSequenceEditor
LogPluginManager: Mounting plugin MatineeToLevelSequence
LogPluginManager: Mounting plugin MovieRenderPipeline
LogPluginManager: Mounting plugin TemplateSequence
LogPluginManager: Mounting plugin NetcodeUnitTest
LogPluginManager: Mounting plugin NUTUnrealEngine4
LogPluginManager: Mounting plugin OnlineSubsystemGooglePlay
LogPluginManager: Mounting plugin OnlineSubsystemIOS
LogPluginManager: Mounting plugin OnlineSubsystem
LogPluginManager: Mounting plugin OnlineSubsystemNull
LogPluginManager: Mounting plugin OnlineSubsystemUtils
LogPluginManager: Mounting plugin LauncherChunkInstaller
LogPluginManager: Mounting plugin AndroidDeviceProfileSelector
LogPluginManager: Mounting plugin AndroidMoviePlayer
LogPluginManager: Mounting plugin AndroidPermission
LogPluginManager: Mounting plugin AppleImageUtils
LogPluginManager: Mounting plugin AppleMoviePlayer
LogPluginManager: Mounting plugin ArchVisCharacter
LogPluginManager: Mounting plugin AssetTags
LogPluginManager: Mounting plugin AudioCapture
LogPluginManager: Mounting plugin CableComponent
LogPluginManager: Mounting plugin CustomMeshComponent
LogPluginManager: Mounting plugin EditableMesh
LogPluginManager: Mounting plugin ExampleDeviceProfileSelector
LogPluginManager: Mounting plugin GoogleCloudMessaging
LogPluginManager: Mounting plugin GooglePAD
LogPluginManager: Mounting plugin IOSDeviceProfileSelector
LogPluginManager: Mounting plugin LinuxDeviceProfileSelector
LogPluginManager: Mounting plugin LocationServicesBPLibrary
LogPluginManager: Mounting plugin MobilePatchingUtils
LogPluginManager: Mounting plugin OculusVR
LogPluginManager: Mounting plugin PhysXVehicles
LogPluginManager: Mounting plugin PostSplashScreen
LogPluginManager: Mounting plugin ProceduralMeshComponent
LogPluginManager: Mounting plugin RuntimePhysXCooking
LogPluginManager: Mounting plugin SignificanceManager
LogPluginManager: Mounting plugin SoundFields
LogPluginManager: Mounting plugin SteamVR
LogPluginManager: Mounting plugin Synthesis
LogPluginManager: Mounting plugin WebMMoviePlayer
LogPluginManager: Mounting plugin WindowsMoviePlayer
LogPluginManager: Mounting plugin ScreenshotTools
LogInit: Using libcurl 7.55.1-DEV
LogInit:  - built for x86_64-pc-win32
LogInit:  - supports SSL with OpenSSL/1.1.1
LogInit:  - supports HTTP deflate (compression) using libz 1.2.8
LogInit:  - other features:
LogInit:      CURL_VERSION_SSL
LogInit:      CURL_VERSION_LIBZ
LogInit:      CURL_VERSION_IPV6
LogInit:      CURL_VERSION_ASYNCHDNS
LogInit:      CURL_VERSION_LARGEFILE
LogInit:      CURL_VERSION_IDN
LogInit:  CurlRequestOptions (configurable via config and command line):
LogInit:  - bVerifyPeer = true  - Libcurl will verify peer certificate
LogInit:  - bUseHttpProxy = false  - Libcurl will NOT use HTTP proxy
LogInit:  - bDontReuseConnections = false  - Libcurl will reuse connections
LogInit:  - MaxHostConnections = 16  - Libcurl will limit the number of connections to a host
LogInit:  - LocalHostAddr = Default
LogInit:  - BufferSize = 65536
LogOnline: OSS: Creating online subsystem instance for: NULL
LogInit: WinSock: version 1.1 (2.2), MaxSocks=32767, MaxUdp=65467
LogOnline: OSS: TryLoadSubsystemAndSetDefault: Loaded subsystem for module [NULL]
LogInit: Build: ++UE4+Release-4.25-CL-14469661
LogInit: Engine Version: 4.25.4-14469661+++UE4+Release-4.25
LogInit: Compatible Engine Version: 4.25.0-13144385+++UE4+Release-4.25
LogInit: Net CL: 13144385
LogInit: OS: Windows 10 (Release 2009) (), CPU: Intel(R) Core(TM) i5-9400F CPU @ 2.90GHz, GPU: NVIDIA GeForce GTX 1050
LogInit: Compiled (64-bit): Oct 11 2020 08:10:49
LogInit: Compiled with Visual C++: 19.24.28315.00
LogInit: Build Configuration: Development
LogInit: Branch Name: ++UE4+Release-4.25
LogInit: Command Line: 
LogInit: Base Directory: D:/UE_4.25/UE_4.25/Engine/Binaries/Win64/
LogInit: Allocator: TBB
LogInit: Installed Engine Build: 1
LogDevObjectVersion: Number of dev versions registered: 26
LogDevObjectVersion:   Dev-Blueprints (B0D832E4-1F89-4F0D-ACCF-7EB736FD4AA2): 10
LogDevObjectVersion:   Dev-Build (E1C64328-A22C-4D53-A36C-8E866417BD8C): 0
LogDevObjectVersion:   Dev-Core (375EC13C-06E4-48FB-B500-84F0262A717E): 4
LogDevObjectVersion:   Dev-Editor (E4B068ED-F494-42E9-A231-DA0B2E46BB41): 38
LogDevObjectVersion:   Dev-Framework (CFFC743F-43B0-4480-9391-14DF171D2073): 37
LogDevObjectVersion:   Dev-Mobile (B02B49B5-BB20-44E9-A304-32B752E40360): 2
LogDevObjectVersion:   Dev-Networking (A4E4105C-59A1-49B5-A7C5-40C4547EDFEE): 0
LogDevObjectVersion:   Dev-Online (39C831C9-5AE6-47DC-9A44-9C173E1C8E7C): 0
LogDevObjectVersion:   Dev-Physics (78F01B33-EBEA-4F98-B9B4-84EACCB95AA2): 4
LogDevObjectVersion:   Dev-Platform (6631380F-2D4D-43E0-8009-CF276956A95A): 0
LogDevObjectVersion:   Dev-Rendering (12F88B9F-8875-4AFC-A67C-D90C383ABD29): 43
LogDevObjectVersion:   Dev-Sequencer (7B5AE74C-D270-4C10-A958-57980B212A5A): 12
LogDevObjectVersion:   Dev-VR (D7296918-1DD6-4BDD-9DE2-64A83CC13884): 3
LogDevObjectVersion:   Dev-LoadTimes (C2A15278-BFE7-4AFE-6C17-90FF531DF755): 1
LogDevObjectVersion:   Private-Geometry (6EACA3D4-40EC-4CC1-B786-8BED09428FC5): 3
LogDevObjectVersion:   Dev-AnimPhys (29E575DD-E0A3-4627-9D10-D276232CDCEA): 17
LogDevObjectVersion:   Dev-Anim (AF43A65D-7FD3-4947-9873-3E8ED9C1BB05): 7
LogDevObjectVersion:   Dev-ReflectionCapture (6B266CEC-1EC7-4B8F-A30B-E4D90942FC07): 1
LogDevObjectVersion:   Dev-Automation (0DF73D61-A23F-47EA-B727-89E90C41499A): 1
LogDevObjectVersion:   FortniteMain (601D1886-AC64-4F84-AA16-D3DE0DEAC7D6): 31
LogDevObjectVersion:   Dev-Enterprise (9DFFBCD6-494F-0158-E221-12823C92A888): 10
LogDevObjectVersion:   Dev-Niagara (F2AED0AC-9AFE-416F-8664-AA7FFA26D6FC): 1
LogDevObjectVersion:   Dev-Destruction (174F1F0B-B4C6-45A5-B13F-2EE8D0FB917D): 10
LogDevObjectVersion:   Dev-Physics-Ext (35F94A83-E258-406C-A318-09F59610247C): 37
LogDevObjectVersion:   Dev-PhysicsMaterial-Chaos (B68FC16E-8B1B-42E2-B453-215C058844FE): 1
LogDevObjectVersion:   Dev-CineCamera (B2E18506-4273-CFC2-A54E-F4BB758BBA07): 1
LogInit: Presizing for max 25165824 objects, including 0 objects not considered by GC, pre-allocating 0 bytes for permanent pool.
LogConfig: Applying CVar settings from Section [/Script/Engine.StreamingSettings] File [C:/LJS/IM03_ThirdPersonBP/Tada01_Start/Saved/Config/Windows/Engine.ini]
LogConfig: Setting CVar [[s.MinBulkDataSizeForAsyncLoading:131072]]
LogConfig: Setting CVar [[s.AsyncLoadingThreadEnabled:0]]
LogConfig: Setting CVar [[s.EventDrivenLoaderEnabled:1]]
LogConfig: Setting CVar [[s.WarnIfTimeLimitExceeded:0]]
LogConfig: Setting CVar [[s.TimeLimitExceededMultiplier:1.5]]
LogConfig: Setting CVar [[s.TimeLimitExceededMinTime:0.005]]
LogConfig: Setting CVar [[s.UseBackgroundLevelStreaming:1]]
LogConfig: Setting CVar [[s.PriorityAsyncLoadingExtraTime:15.0]]
LogConfig: Setting CVar [[s.LevelStreamingActorsUpdateTimeLimit:5.0]]
LogConfig: Setting CVar [[s.PriorityLevelStreamingActorsUpdateExtraTime:5.0]]
LogConfig: Setting CVar [[s.LevelStreamingComponentsRegistrationGranularity:10]]
LogConfig: Setting CVar [[s.UnregisterComponentsTimeLimit:1.0]]
LogConfig: Setting CVar [[s.LevelStreamingComponentsUnregistrationGranularity:5]]
LogConfig: Setting CVar [[s.FlushStreamingOnExit:1]]
LogInit: Object subsystem initialized
LogConfig: Setting CVar [[con.DebugEarlyDefault:1]]
LogConfig: Setting CVar [[r.setres:1280x720]]
[2024.08.28-11.33.28:567][  0]LogConfig: Setting CVar [[r.VSync:0]]
[2024.08.28-11.33.28:567][  0]LogConfig: Setting CVar [[r.RHICmdBypass:0]]
[2024.08.28-11.33.28:567][  0]LogConfig: Applying CVar settings from Section [/Script/Engine.RendererSettings] File [C:/LJS/IM03_ThirdPersonBP/Tada01_Start/Saved/Config/Windows/Engine.ini]
[2024.08.28-11.33.28:567][  0]LogConfig: Setting CVar [[r.GPUCrashDebugging:0]]
[2024.08.28-11.33.28:567][  0]LogConfig: Applying CVar settings from Section [/Script/Engine.RendererOverrideSettings] File [C:/LJS/IM03_ThirdPersonBP/Tada01_Start/Saved/Config/Windows/Engine.ini]
[2024.08.28-11.33.28:567][  0]LogConfig: Applying CVar settings from Section [/Script/Engine.StreamingSettings] File [C:/LJS/IM03_ThirdPersonBP/Tada01_Start/Saved/Config/Windows/Engine.ini]
[2024.08.28-11.33.28:567][  0]LogConfig: Setting CVar [[s.MinBulkDataSizeForAsyncLoading:131072]]
[2024.08.28-11.33.28:567][  0]LogConfig: Setting CVar [[s.AsyncLoadingThreadEnabled:0]]
[2024.08.28-11.33.28:567][  0]LogConfig: Setting CVar [[s.EventDrivenLoaderEnabled:1]]
[2024.08.28-11.33.28:567][  0]LogConfig: Setting CVar [[s.WarnIfTimeLimitExceeded:0]]
[2024.08.28-11.33.28:567][  0]LogConfig: Setting CVar [[s.TimeLimitExceededMultiplier:1.5]]
[2024.08.28-11.33.28:567][  0]LogConfig: Setting CVar [[s.TimeLimitExceededMinTime:0.005]]
[2024.08.28-11.33.28:567][  0]LogConfig: Setting CVar [[s.UseBackgroundLevelStreaming:1]]
[2024.08.28-11.33.28:567][  0]LogConfig: Setting CVar [[s.PriorityAsyncLoadingExtraTime:15.0]]
[2024.08.28-11.33.28:567][  0]LogConfig: Setting CVar [[s.LevelStreamingActorsUpdateTimeLimit:5.0]]
[2024.08.28-11.33.28:567][  0]LogConfig: Setting CVar [[s.PriorityLevelStreamingActorsUpdateExtraTime:5.0]]
[2024.08.28-11.33.28:567][  0]LogConfig: Setting CVar [[s.LevelStreamingComponentsRegistrationGranularity:10]]
[2024.08.28-11.33.28:567][  0]LogConfig: Setting CVar [[s.UnregisterComponentsTimeLimit:1.0]]
[2024.08.28-11.33.28:567][  0]LogConfig: Setting CVar [[s.LevelStreamingComponentsUnregistrationGranularity:5]]
[2024.08.28-11.33.28:567][  0]LogConfig: Setting CVar [[s.FlushStreamingOnExit:1]]
[2024.08.28-11.33.28:567][  0]LogConfig: Applying CVar settings from Section [/Script/Engine.GarbageCollectionSettings] File [C:/LJS/IM03_ThirdPersonBP/Tada01_Start/Saved/Config/Windows/Engine.ini]
[2024.08.28-11.33.28:567][  0]LogConfig: Setting CVar [[gc.MaxObjectsNotConsideredByGC:1]]
[2024.08.28-11.33.28:567][  0]LogConfig: Setting CVar [[gc.SizeOfPermanentObjectPool:0]]
[2024.08.28-11.33.28:567][  0]LogConfig: Setting CVar [[gc.FlushStreamingOnGC:0]]
[2024.08.28-11.33.28:567][  0]LogConfig: Setting CVar [[gc.NumRetriesBeforeForcingGC:10]]
[2024.08.28-11.33.28:567][  0]LogConfig: Setting CVar [[gc.AllowParallelGC:1]]
[2024.08.28-11.33.28:567][  0]LogConfig: Setting CVar [[gc.TimeBetweenPurgingPendingKillObjects:61.1]]
[2024.08.28-11.33.28:567][  0]LogConfig: Setting CVar [[gc.MaxObjectsInEditor:25165824]]
[2024.08.28-11.33.28:567][  0]LogConfig: Setting CVar [[gc.IncrementalBeginDestroyEnabled:1]]
[2024.08.28-11.33.28:567][  0]LogConfig: Setting CVar [[gc.CreateGCClusters:1]]
[2024.08.28-11.33.28:568][  0]LogConfig: Setting CVar [[gc.MinGCClusterSize:5]]
[2024.08.28-11.33.28:568][  0]LogConfig: Setting CVar [[gc.ActorClusteringEnabled:0]]
[2024.08.28-11.33.28:568][  0]LogConfig: Setting CVar [[gc.BlueprintClusteringEnabled:0]]
[2024.08.28-11.33.28:568][  0]LogConfig: Setting CVar [[gc.UseDisregardForGCOnDedicatedServers:0]]
[2024.08.28-11.33.28:568][  0]LogConfig: Applying CVar settings from Section [/Script/Engine.NetworkSettings] File [C:/LJS/IM03_ThirdPersonBP/Tada01_Start/Saved/Config/Windows/Engine.ini]
[2024.08.28-11.33.28:568][  0]LogConfig: Applying CVar settings from Section [/Script/UnrealEd.CookerSettings] File [C:/LJS/IM03_ThirdPersonBP/Tada01_Start/Saved/Config/Windows/Engine.ini]
[2024.08.28-11.33.28:570][  0]LogConfig: Applying CVar settings from Section [ViewDistanceQuality@3] File [C:/LJS/IM03_ThirdPersonBP/Tada01_Start/Saved/Config/Windows/Scalability.ini]
[2024.08.28-11.33.28:570][  0]LogConfig: Setting CVar [[r.SkeletalMeshLODBias:0]]
[2024.08.28-11.33.28:570][  0]LogConfig: Setting CVar [[r.ViewDistanceScale:1.0]]
[2024.08.28-11.33.28:570][  0]LogConfig: Applying CVar settings from Section [AntiAliasingQuality@3] File [C:/LJS/IM03_ThirdPersonBP/Tada01_Start/Saved/Config/Windows/Scalability.ini]
[2024.08.28-11.33.28:570][  0]LogConfig: Setting CVar [[r.PostProcessAAQuality:4]]
[2024.08.28-11.33.28:570][  0]LogConfig: Applying CVar settings from Section [ShadowQuality@3] File [C:/LJS/IM03_ThirdPersonBP/Tada01_Start/Saved/Config/Windows/Scalability.ini]
[2024.08.28-11.33.28:570][  0]LogConfig: Setting CVar [[r.LightFunctionQuality:1]]
[2024.08.28-11.33.28:570][  0]LogConfig: Setting CVar [[r.ShadowQuality:5]]
[2024.08.28-11.33.28:570][  0]LogConfig: Setting CVar [[r.Shadow.CSM.MaxCascades:10]]
[2024.08.28-11.33.28:570][  0]LogConfig: Setting CVar [[r.Shadow.MaxResolution:2048]]
[2024.08.28-11.33.28:570][  0]LogConfig: Setting CVar [[r.Shadow.MaxCSMResolution:2048]]
[2024.08.28-11.33.28:570][  0]LogConfig: Setting CVar [[r.Shadow.RadiusThreshold:0.01]]
[2024.08.28-11.33.28:570][  0]LogConfig: Setting CVar [[r.Shadow.DistanceScale:1.0]]
[2024.08.28-11.33.28:570][  0]LogConfig: Setting CVar [[r.Shadow.CSM.TransitionScale:1.0]]
[2024.08.28-11.33.28:570][  0]LogConfig: Setting CVar [[r.Shadow.PreShadowResolutionFactor:1.0]]
[2024.08.28-11.33.28:570][  0]LogConfig: Setting CVar [[r.DistanceFieldShadowing:1]]
[2024.08.28-11.33.28:570][  0]LogConfig: Setting CVar [[r.DistanceFieldAO:1]]
[2024.08.28-11.33.28:570][  0]LogConfig: Setting CVar [[r.AOQuality:2]]
[2024.08.28-11.33.28:570][  0]LogConfig: Setting CVar [[r.VolumetricFog:1]]
[2024.08.28-11.33.28:570][  0]LogConfig: Setting CVar [[r.VolumetricFog.GridPixelSize:8]]
[2024.08.28-11.33.28:570][  0]LogConfig: Setting CVar [[r.VolumetricFog.GridSizeZ:128]]
[2024.08.28-11.33.28:570][  0]LogConfig: Setting CVar [[r.VolumetricFog.HistoryMissSupersampleCount:4]]
[2024.08.28-11.33.28:570][  0]LogConfig: Setting CVar [[r.LightMaxDrawDistanceScale:1]]
[2024.08.28-11.33.28:570][  0]LogConfig: Setting CVar [[r.CapsuleShadows:1]]
[2024.08.28-11.33.28:570][  0]LogConfig: Applying CVar settings from Section [PostProcessQuality@3] File [C:/LJS/IM03_ThirdPersonBP/Tada01_Start/Saved/Config/Windows/Scalability.ini]
[2024.08.28-11.33.28:570][  0]LogConfig: Setting CVar [[r.MotionBlurQuality:4]]
[2024.08.28-11.33.28:570][  0]LogConfig: Setting CVar [[r.AmbientOcclusionMipLevelFactor:0.4]]
[2024.08.28-11.33.28:570][  0]LogConfig: Setting CVar [[r.AmbientOcclusionMaxQuality:100]]
[2024.08.28-11.33.28:570][  0]LogConfig: Setting CVar [[r.AmbientOcclusionLevels:-1]]
[2024.08.28-11.33.28:570][  0]LogConfig: Setting CVar [[r.AmbientOcclusionRadiusScale:1.0]]
[2024.08.28-11.33.28:570][  0]LogConfig: Setting CVar [[r.DepthOfFieldQuality:2]]
[2024.08.28-11.33.28:570][  0]LogConfig: Setting CVar [[r.RenderTargetPoolMin:400]]
[2024.08.28-11.33.28:571][  0]LogConfig: Setting CVar [[r.LensFlareQuality:2]]
[2024.08.28-11.33.28:571][  0]LogConfig: Setting CVar [[r.SceneColorFringeQuality:1]]
[2024.08.28-11.33.28:571][  0]LogConfig: Setting CVar [[r.EyeAdaptationQuality:2]]
[2024.08.28-11.33.28:571][  0]LogConfig: Setting CVar [[r.BloomQuality:5]]
[2024.08.28-11.33.28:571][  0]LogConfig: Setting CVar [[r.FastBlurThreshold:100]]
[2024.08.28-11.33.28:571][  0]LogConfig: Setting CVar [[r.Upscale.Quality:3]]
[2024.08.28-11.33.28:571][  0]LogConfig: Setting CVar [[r.Tonemapper.GrainQuantization:1]]
[2024.08.28-11.33.28:571][  0]LogConfig: Setting CVar [[r.LightShaftQuality:1]]
[2024.08.28-11.33.28:571][  0]LogConfig: Setting CVar [[r.Filter.SizeScale:1]]
[2024.08.28-11.33.28:571][  0]LogConfig: Setting CVar [[r.Tonemapper.Quality:5]]
[2024.08.28-11.33.28:571][  0]LogConfig: Setting CVar [[r.DOF.Gather.AccumulatorQuality:1        ; higher gathering accumulator quality]]
[2024.08.28-11.33.28:571][  0]LogConfig: Setting CVar [[r.DOF.Gather.PostfilterMethod:1          ; Median3x3 postfilering method]]
[2024.08.28-11.33.28:571][  0]LogConfig: Setting CVar [[r.DOF.Gather.EnableBokehSettings:0       ; no bokeh simulation when gathering]]
[2024.08.28-11.33.28:571][  0]LogConfig: Setting CVar [[r.DOF.Gather.RingCount:4                 ; medium number of samples when gathering]]
[2024.08.28-11.33.28:571][  0]LogConfig: Setting CVar [[r.DOF.Scatter.ForegroundCompositing:1    ; additive foreground scattering]]
[2024.08.28-11.33.28:571][  0]LogConfig: Setting CVar [[r.DOF.Scatter.BackgroundCompositing:2    ; additive background scattering]]
[2024.08.28-11.33.28:571][  0]LogConfig: Setting CVar [[r.DOF.Scatter.EnableBokehSettings:1      ; bokeh simulation when scattering]]
[2024.08.28-11.33.28:571][  0]LogConfig: Setting CVar [[r.DOF.Scatter.MaxSpriteRatio:0.1         ; only a maximum of 10% of scattered bokeh]]
[2024.08.28-11.33.28:571][  0]LogConfig: Setting CVar [[r.DOF.Recombine.Quality:1                ; cheap slight out of focus]]
[2024.08.28-11.33.28:571][  0]LogConfig: Setting CVar [[r.DOF.Recombine.EnableBokehSettings:0    ; no bokeh simulation on slight out of focus]]
[2024.08.28-11.33.28:571][  0]LogConfig: Setting CVar [[r.DOF.TemporalAAQuality:1                ; more stable temporal accumulation]]
[2024.08.28-11.33.28:571][  0]LogConfig: Setting CVar [[r.DOF.Kernel.MaxForegroundRadius:0.025]]
[2024.08.28-11.33.28:571][  0]LogConfig: Setting CVar [[r.DOF.Kernel.MaxBackgroundRadius:0.025]]
[2024.08.28-11.33.28:571][  0]LogConfig: Applying CVar settings from Section [TextureQuality@3] File [C:/LJS/IM03_ThirdPersonBP/Tada01_Start/Saved/Config/Windows/Scalability.ini]
[2024.08.28-11.33.28:571][  0]LogConfig: Setting CVar [[r.Streaming.MipBias:0]]
[2024.08.28-11.33.28:571][  0]LogConfig: Setting CVar [[r.Streaming.AmortizeCPUToGPUCopy:0]]
[2024.08.28-11.33.28:571][  0]LogConfig: Setting CVar [[r.Streaming.MaxNumTexturesToStreamPerFrame:0]]
[2024.08.28-11.33.28:571][  0]LogConfig: Setting CVar [[r.Streaming.Boost:1]]
[2024.08.28-11.33.28:571][  0]LogConfig: Setting CVar [[r.MaxAnisotropy:8]]
[2024.08.28-11.33.28:571][  0]LogConfig: Setting CVar [[r.VT.MaxAnisotropy:8]]
[2024.08.28-11.33.28:571][  0]LogConfig: Setting CVar [[r.Streaming.LimitPoolSizeToVRAM:0]]
[2024.08.28-11.33.28:571][  0]LogConfig: Setting CVar [[r.Streaming.PoolSize:1000]]
[2024.08.28-11.33.28:571][  0]LogConfig: Setting CVar [[r.Streaming.MaxEffectiveScreenSize:0]]
[2024.08.28-11.33.28:571][  0]LogConfig: Applying CVar settings from Section [EffectsQuality@3] File [C:/LJS/IM03_ThirdPersonBP/Tada01_Start/Saved/Config/Windows/Scalability.ini]
[2024.08.28-11.33.28:571][  0]LogConfig: Setting CVar [[r.TranslucencyLightingVolumeDim:64]]
[2024.08.28-11.33.28:571][  0]LogConfig: Setting CVar [[r.RefractionQuality:2]]
[2024.08.28-11.33.28:571][  0]LogConfig: Setting CVar [[r.SSR.Quality:3]]
[2024.08.28-11.33.28:571][  0]LogConfig: Setting CVar [[r.SSR.HalfResSceneColor:0]]
[2024.08.28-11.33.28:571][  0]LogConfig: Setting CVar [[r.SceneColorFormat:4]]
[2024.08.28-11.33.28:571][  0]LogConfig: Setting CVar [[r.DetailMode:2]]
[2024.08.28-11.33.28:571][  0]LogConfig: Setting CVar [[r.TranslucencyVolumeBlur:1]]
[2024.08.28-11.33.28:571][  0]LogConfig: Setting CVar [[r.MaterialQualityLevel:1 ; High quality]]
[2024.08.28-11.33.28:571][  0]LogConfig: Setting CVar [[r.SSS.Scale:1]]
[2024.08.28-11.33.28:571][  0]LogConfig: Setting CVar [[r.SSS.SampleSet:2]]
[2024.08.28-11.33.28:571][  0]LogConfig: Setting CVar [[r.SSS.Quality:1]]
[2024.08.28-11.33.28:571][  0]LogConfig: Setting CVar [[r.SSS.HalfRes:0]]
[2024.08.28-11.33.28:571][  0]LogConfig: Setting CVar [[r.SSGI.Quality:3]]
[2024.08.28-11.33.28:571][  0]LogConfig: Setting CVar [[r.EmitterSpawnRateScale:1.0]]
[2024.08.28-11.33.28:571][  0]LogConfig: Setting CVar [[r.ParticleLightQuality:2]]
[2024.08.28-11.33.28:571][  0]LogConfig: Setting CVar [[r.SkyAtmosphere.AerialPerspectiveLUT.FastApplyOnOpaque:1 ; Always have FastSkyLUT 1 in this case to avoid wrong sky]]
[2024.08.28-11.33.28:571][  0]LogConfig: Setting CVar [[r.SkyAtmosphere.AerialPerspectiveLUT.SampleCountPerSlice:1]]
[2024.08.28-11.33.28:571][  0]LogConfig: Setting CVar [[r.SkyAtmosphere.AerialPerspectiveLUT.DepthResolution:16.0]]
[2024.08.28-11.33.28:571][  0]LogConfig: Setting CVar [[r.SkyAtmosphere.FastSkyLUT:1]]
[2024.08.28-11.33.28:571][  0]LogConfig: Setting CVar [[r.SkyAtmosphere.FastSkyLUT.SampleCountMin:4.0]]
[2024.08.28-11.33.28:571][  0]LogConfig: Setting CVar [[r.SkyAtmosphere.FastSkyLUT.SampleCountMax:32.0]]
[2024.08.28-11.33.28:571][  0]LogConfig: Setting CVar [[r.SkyAtmosphere.SampleCountMin:4.0]]
[2024.08.28-11.33.28:571][  0]LogConfig: Setting CVar [[r.SkyAtmosphere.SampleCountMax:32.0]]
[2024.08.28-11.33.28:571][  0]LogConfig: Setting CVar [[r.SkyAtmosphere.TransmittanceLUT.UseSmallFormat:0]]
[2024.08.28-11.33.28:571][  0]LogConfig: Setting CVar [[r.SkyAtmosphere.TransmittanceLUT.SampleCount:10.0]]
[2024.08.28-11.33.28:571][  0]LogConfig: Setting CVar [[r.SkyAtmosphere.MultiScatteringLUT.SampleCount:15.0]]
[2024.08.28-11.33.28:571][  0]LogConfig: Applying CVar settings from Section [FoliageQuality@3] File [C:/LJS/IM03_ThirdPersonBP/Tada01_Start/Saved/Config/Windows/Scalability.ini]
[2024.08.28-11.33.28:571][  0]LogConfig: Setting CVar [[foliage.DensityScale:1.0]]
[2024.08.28-11.33.28:571][  0]LogConfig: Setting CVar [[grass.DensityScale:1.0]]
[2024.08.28-11.33.28:571][  0]LogConfig: Applying CVar settings from Section [ShadingQuality@3] File [C:/LJS/IM03_ThirdPersonBP/Tada01_Start/Saved/Config/Windows/Scalability.ini]
[2024.08.28-11.33.28:571][  0]LogConfig: Setting CVar [[r.HairStrands.SkyLighting.SampleCount:16]]
[2024.08.28-11.33.28:571][  0]LogConfig: Setting CVar [[r.HairStrands.SkyLighting.JitterIntegration:0]]
[2024.08.28-11.33.28:571][  0]LogConfig: Setting CVar [[r.HairStrands.SkyAO.SampleCount:16]]
[2024.08.28-11.33.28:571][  0]LogConfig: Setting CVar [[r.HairStrands.DeepShadow.SuperSampling:0]]
[2024.08.28-11.33.28:571][  0]LogConfig: Setting CVar [[r.HairStrands.VisibilityPPLL:0]]
[2024.08.28-11.33.28:571][  0]LogConfig: Setting CVar [[r.HairStrands.RasterizationScale:0.5]]
[2024.08.28-11.33.28:571][  0]LogConfig: Setting CVar [[r.HairStrands.VelocityRasterizationScale:1]]
[2024.08.28-11.33.28:571][  0]LogInit: Selected Device Profile: [Windows]
[2024.08.28-11.33.28:571][  0]LogInit: Applying CVar settings loaded from the selected device profile: [Windows]
[2024.08.28-11.33.28:571][  0]LogHAL: Display: Platform has ~ 16 GB [17110802432 / 17179869184 / 16], which maps to Larger [LargestMinGB=32, LargerMinGB=12, DefaultMinGB=8, SmallerMinGB=6, SmallestMinGB=0)
[2024.08.28-11.33.28:571][  0]LogInit: Going up to parent DeviceProfile []
[2024.08.28-11.33.28:571][  0]LogConfig: Applying CVar settings from Section [ViewDistanceQuality@3] File [C:/LJS/IM03_ThirdPersonBP/Tada01_Start/Saved/Config/Windows/Scalability.ini]
[2024.08.28-11.33.28:572][  0]LogConfig: Setting CVar [[r.SkeletalMeshLODBias:0]]
[2024.08.28-11.33.28:572][  0]LogConfig: Setting CVar [[r.ViewDistanceScale:1.0]]
[2024.08.28-11.33.28:572][  0]LogConfig: Applying CVar settings from Section [AntiAliasingQuality@3] File [C:/LJS/IM03_ThirdPersonBP/Tada01_Start/Saved/Config/Windows/Scalability.ini]
[2024.08.28-11.33.28:572][  0]LogConfig: Setting CVar [[r.PostProcessAAQuality:4]]
[2024.08.28-11.33.28:572][  0]LogConfig: Applying CVar settings from Section [ShadowQuality@3] File [C:/LJS/IM03_ThirdPersonBP/Tada01_Start/Saved/Config/Windows/Scalability.ini]
[2024.08.28-11.33.28:572][  0]LogConfig: Setting CVar [[r.LightFunctionQuality:1]]
[2024.08.28-11.33.28:572][  0]LogConfig: Setting CVar [[r.ShadowQuality:5]]
[2024.08.28-11.33.28:572][  0]LogConfig: Setting CVar [[r.Shadow.CSM.MaxCascades:10]]
[2024.08.28-11.33.28:572][  0]LogConfig: Setting CVar [[r.Shadow.MaxResolution:2048]]
[2024.08.28-11.33.28:572][  0]LogConfig: Setting CVar [[r.Shadow.MaxCSMResolution:2048]]
[2024.08.28-11.33.28:572][  0]LogConfig: Setting CVar [[r.Shadow.RadiusThreshold:0.01]]
[2024.08.28-11.33.28:572][  0]LogConfig: Setting CVar [[r.Shadow.DistanceScale:1.0]]
[2024.08.28-11.33.28:572][  0]LogConfig: Setting CVar [[r.Shadow.CSM.TransitionScale:1.0]]
[2024.08.28-11.33.28:572][  0]LogConfig: Setting CVar [[r.Shadow.PreShadowResolutionFactor:1.0]]
[2024.08.28-11.33.28:572][  0]LogConfig: Setting CVar [[r.DistanceFieldShadowing:1]]
[2024.08.28-11.33.28:572][  0]LogConfig: Setting CVar [[r.DistanceFieldAO:1]]
[2024.08.28-11.33.28:572][  0]LogConfig: Setting CVar [[r.AOQuality:2]]
[2024.08.28-11.33.28:572][  0]LogConfig: Setting CVar [[r.VolumetricFog:1]]
[2024.08.28-11.33.28:572][  0]LogConfig: Setting CVar [[r.VolumetricFog.GridPixelSize:8]]
[2024.08.28-11.33.28:572][  0]LogConfig: Setting CVar [[r.VolumetricFog.GridSizeZ:128]]
[2024.08.28-11.33.28:572][  0]LogConfig: Setting CVar [[r.VolumetricFog.HistoryMissSupersampleCount:4]]
[2024.08.28-11.33.28:572][  0]LogConfig: Setting CVar [[r.LightMaxDrawDistanceScale:1]]
[2024.08.28-11.33.28:572][  0]LogConfig: Setting CVar [[r.CapsuleShadows:1]]
[2024.08.28-11.33.28:572][  0]LogConfig: Applying CVar settings from Section [PostProcessQuality@3] File [C:/LJS/IM03_ThirdPersonBP/Tada01_Start/Saved/Config/Windows/Scalability.ini]
[2024.08.28-11.33.28:572][  0]LogConfig: Setting CVar [[r.MotionBlurQuality:4]]
[2024.08.28-11.33.28:572][  0]LogConfig: Setting CVar [[r.AmbientOcclusionMipLevelFactor:0.4]]
[2024.08.28-11.33.28:572][  0]LogConfig: Setting CVar [[r.AmbientOcclusionMaxQuality:100]]
[2024.08.28-11.33.28:572][  0]LogConfig: Setting CVar [[r.AmbientOcclusionLevels:-1]]
[2024.08.28-11.33.28:572][  0]LogConfig: Setting CVar [[r.AmbientOcclusionRadiusScale:1.0]]
[2024.08.28-11.33.28:572][  0]LogConfig: Setting CVar [[r.DepthOfFieldQuality:2]]
[2024.08.28-11.33.28:572][  0]LogConfig: Setting CVar [[r.RenderTargetPoolMin:400]]
[2024.08.28-11.33.28:572][  0]LogConfig: Setting CVar [[r.LensFlareQuality:2]]
[2024.08.28-11.33.28:572][  0]LogConfig: Setting CVar [[r.SceneColorFringeQuality:1]]
[2024.08.28-11.33.28:572][  0]LogConfig: Setting CVar [[r.EyeAdaptationQuality:2]]
[2024.08.28-11.33.28:572][  0]LogConfig: Setting CVar [[r.BloomQuality:5]]
[2024.08.28-11.33.28:572][  0]LogConfig: Setting CVar [[r.FastBlurThreshold:100]]
[2024.08.28-11.33.28:572][  0]LogConfig: Setting CVar [[r.Upscale.Quality:3]]
[2024.08.28-11.33.28:572][  0]LogConfig: Setting CVar [[r.Tonemapper.GrainQuantization:1]]
[2024.08.28-11.33.28:572][  0]LogConfig: Setting CVar [[r.LightShaftQuality:1]]
[2024.08.28-11.33.28:572][  0]LogConfig: Setting CVar [[r.Filter.SizeScale:1]]
[2024.08.28-11.33.28:572][  0]LogConfig: Setting CVar [[r.Tonemapper.Quality:5]]
[2024.08.28-11.33.28:572][  0]LogConfig: Setting CVar [[r.DOF.Gather.AccumulatorQuality:1        ; higher gathering accumulator quality]]
[2024.08.28-11.33.28:572][  0]LogConfig: Setting CVar [[r.DOF.Gather.PostfilterMethod:1          ; Median3x3 postfilering method]]
[2024.08.28-11.33.28:572][  0]LogConfig: Setting CVar [[r.DOF.Gather.EnableBokehSettings:0       ; no bokeh simulation when gathering]]
[2024.08.28-11.33.28:572][  0]LogConfig: Setting CVar [[r.DOF.Gather.RingCount:4                 ; medium number of samples when gathering]]
[2024.08.28-11.33.28:572][  0]LogConfig: Setting CVar [[r.DOF.Scatter.ForegroundCompositing:1    ; additive foreground scattering]]
[2024.08.28-11.33.28:572][  0]LogConfig: Setting CVar [[r.DOF.Scatter.BackgroundCompositing:2    ; additive background scattering]]
[2024.08.28-11.33.28:572][  0]LogConfig: Setting CVar [[r.DOF.Scatter.EnableBokehSettings:1      ; bokeh simulation when scattering]]
[2024.08.28-11.33.28:572][  0]LogConfig: Setting CVar [[r.DOF.Scatter.MaxSpriteRatio:0.1         ; only a maximum of 10% of scattered bokeh]]
[2024.08.28-11.33.28:572][  0]LogConfig: Setting CVar [[r.DOF.Recombine.Quality:1                ; cheap slight out of focus]]
[2024.08.28-11.33.28:572][  0]LogConfig: Setting CVar [[r.DOF.Recombine.EnableBokehSettings:0    ; no bokeh simulation on slight out of focus]]
[2024.08.28-11.33.28:572][  0]LogConfig: Setting CVar [[r.DOF.TemporalAAQuality:1                ; more stable temporal accumulation]]
[2024.08.28-11.33.28:572][  0]LogConfig: Setting CVar [[r.DOF.Kernel.MaxForegroundRadius:0.025]]
[2024.08.28-11.33.28:572][  0]LogConfig: Setting CVar [[r.DOF.Kernel.MaxBackgroundRadius:0.025]]
[2024.08.28-11.33.28:572][  0]LogConfig: Applying CVar settings from Section [TextureQuality@3] File [C:/LJS/IM03_ThirdPersonBP/Tada01_Start/Saved/Config/Windows/Scalability.ini]
[2024.08.28-11.33.28:572][  0]LogConfig: Setting CVar [[r.Streaming.MipBias:0]]
[2024.08.28-11.33.28:572][  0]LogConfig: Setting CVar [[r.Streaming.AmortizeCPUToGPUCopy:0]]
[2024.08.28-11.33.28:572][  0]LogConfig: Setting CVar [[r.Streaming.MaxNumTexturesToStreamPerFrame:0]]
[2024.08.28-11.33.28:572][  0]LogConfig: Setting CVar [[r.Streaming.Boost:1]]
[2024.08.28-11.33.28:572][  0]LogConfig: Setting CVar [[r.MaxAnisotropy:8]]
[2024.08.28-11.33.28:572][  0]LogConfig: Setting CVar [[r.VT.MaxAnisotropy:8]]
[2024.08.28-11.33.28:572][  0]LogConfig: Setting CVar [[r.Streaming.LimitPoolSizeToVRAM:0]]
[2024.08.28-11.33.28:572][  0]LogConfig: Setting CVar [[r.Streaming.PoolSize:1000]]
[2024.08.28-11.33.28:572][  0]LogConfig: Setting CVar [[r.Streaming.MaxEffectiveScreenSize:0]]
[2024.08.28-11.33.28:572][  0]LogConfig: Applying CVar settings from Section [EffectsQuality@3] File [C:/LJS/IM03_ThirdPersonBP/Tada01_Start/Saved/Config/Windows/Scalability.ini]
[2024.08.28-11.33.28:572][  0]LogConfig: Setting CVar [[r.TranslucencyLightingVolumeDim:64]]
[2024.08.28-11.33.28:572][  0]LogConfig: Setting CVar [[r.RefractionQuality:2]]
[2024.08.28-11.33.28:572][  0]LogConfig: Setting CVar [[r.SSR.Quality:3]]
[2024.08.28-11.33.28:572][  0]LogConfig: Setting CVar [[r.SSR.HalfResSceneColor:0]]
[2024.08.28-11.33.28:572][  0]LogConfig: Setting CVar [[r.SceneColorFormat:4]]
[2024.08.28-11.33.28:572][  0]LogConfig: Setting CVar [[r.DetailMode:2]]
[2024.08.28-11.33.28:572][  0]LogConfig: Setting CVar [[r.TranslucencyVolumeBlur:1]]
[2024.08.28-11.33.28:572][  0]LogConfig: Setting CVar [[r.MaterialQualityLevel:1 ; High quality]]
[2024.08.28-11.33.28:572][  0]LogConfig: Setting CVar [[r.SSS.Scale:1]]
[2024.08.28-11.33.28:572][  0]LogConfig: Setting CVar [[r.SSS.SampleSet:2]]
[2024.08.28-11.33.28:572][  0]LogConfig: Setting CVar [[r.SSS.Quality:1]]
[2024.08.28-11.33.28:572][  0]LogConfig: Setting CVar [[r.SSS.HalfRes:0]]
[2024.08.28-11.33.28:572][  0]LogConfig: Setting CVar [[r.SSGI.Quality:3]]
[2024.08.28-11.33.28:572][  0]LogConfig: Setting CVar [[r.EmitterSpawnRateScale:1.0]]
[2024.08.28-11.33.28:572][  0]LogConfig: Setting CVar [[r.ParticleLightQuality:2]]
[2024.08.28-11.33.28:572][  0]LogConfig: Setting CVar [[r.SkyAtmosphere.AerialPerspectiveLUT.FastApplyOnOpaque:1 ; Always have FastSkyLUT 1 in this case to avoid wrong sky]]
[2024.08.28-11.33.28:572][  0]LogConfig: Setting CVar [[r.SkyAtmosphere.AerialPerspectiveLUT.SampleCountPerSlice:1]]
[2024.08.28-11.33.28:572][  0]LogConfig: Setting CVar [[r.SkyAtmosphere.AerialPerspectiveLUT.DepthResolution:16.0]]
[2024.08.28-11.33.28:572][  0]LogConfig: Setting CVar [[r.SkyAtmosphere.FastSkyLUT:1]]
[2024.08.28-11.33.28:572][  0]LogConfig: Setting CVar [[r.SkyAtmosphere.FastSkyLUT.SampleCountMin:4.0]]
[2024.08.28-11.33.28:572][  0]LogConfig: Setting CVar [[r.SkyAtmosphere.FastSkyLUT.SampleCountMax:32.0]]
[2024.08.28-11.33.28:572][  0]LogConfig: Setting CVar [[r.SkyAtmosphere.SampleCountMin:4.0]]
[2024.08.28-11.33.28:573][  0]LogConfig: Setting CVar [[r.SkyAtmosphere.SampleCountMax:32.0]]
[2024.08.28-11.33.28:573][  0]LogConfig: Setting CVar [[r.SkyAtmosphere.TransmittanceLUT.UseSmallFormat:0]]
[2024.08.28-11.33.28:573][  0]LogConfig: Setting CVar [[r.SkyAtmosphere.TransmittanceLUT.SampleCount:10.0]]
[2024.08.28-11.33.28:573][  0]LogConfig: Setting CVar [[r.SkyAtmosphere.MultiScatteringLUT.SampleCount:15.0]]
[2024.08.28-11.33.28:573][  0]LogConfig: Applying CVar settings from Section [FoliageQuality@3] File [C:/LJS/IM03_ThirdPersonBP/Tada01_Start/Saved/Config/Windows/Scalability.ini]
[2024.08.28-11.33.28:573][  0]LogConfig: Setting CVar [[foliage.DensityScale:1.0]]
[2024.08.28-11.33.28:573][  0]LogConfig: Setting CVar [[grass.DensityScale:1.0]]
[2024.08.28-11.33.28:573][  0]LogConfig: Applying CVar settings from Section [ShadingQuality@3] File [C:/LJS/IM03_ThirdPersonBP/Tada01_Start/Saved/Config/Windows/Scalability.ini]
[2024.08.28-11.33.28:573][  0]LogConfig: Setting CVar [[r.HairStrands.SkyLighting.SampleCount:16]]
[2024.08.28-11.33.28:573][  0]LogConfig: Setting CVar [[r.HairStrands.SkyLighting.JitterIntegration:0]]
[2024.08.28-11.33.28:573][  0]LogConfig: Setting CVar [[r.HairStrands.SkyAO.SampleCount:16]]
[2024.08.28-11.33.28:573][  0]LogConfig: Setting CVar [[r.HairStrands.DeepShadow.SuperSampling:0]]
[2024.08.28-11.33.28:573][  0]LogConfig: Setting CVar [[r.HairStrands.VisibilityPPLL:0]]
[2024.08.28-11.33.28:573][  0]LogConfig: Setting CVar [[r.HairStrands.RasterizationScale:0.5]]
[2024.08.28-11.33.28:573][  0]LogConfig: Setting CVar [[r.HairStrands.VelocityRasterizationScale:1]]
[2024.08.28-11.33.28:573][  0]LogConfig: Applying CVar settings from Section [Startup] File [../../../Engine/Config/ConsoleVariables.ini]
[2024.08.28-11.33.28:573][  0]LogConfig: Setting CVar [[net.UseAdaptiveNetUpdateFrequency:0]]
[2024.08.28-11.33.28:573][  0]LogConfig: Setting CVar [[p.chaos.AllowCreatePhysxBodies:1]]
[2024.08.28-11.33.28:573][  0]LogConfig: Setting CVar [[fx.SkipVectorVMBackendOptimizations:1]]
[2024.08.28-11.33.28:573][  0]LogConfig: Applying CVar settings from Section [ConsoleVariables] File [C:/LJS/IM03_ThirdPersonBP/Tada01_Start/Saved/Config/Windows/Engine.ini]
[2024.08.28-11.33.28:573][  0]LogInit: Computer: DESKTOP-S8820IN
[2024.08.28-11.33.28:573][  0]LogInit: User: SGAD013
[2024.08.28-11.33.28:573][  0]LogInit: CPU Page size=4096, Cores=6
[2024.08.28-11.33.28:573][  0]LogInit: High frequency timer resolution =10.000000 MHz
[2024.08.28-11.33.28:573][  0]LogMemory: Memory total: Physical=15.9GB (16GB approx)
[2024.08.28-11.33.28:573][  0]LogMemory: Platform Memory Stats for Windows
[2024.08.28-11.33.28:573][  0]LogMemory: Process Physical Memory: 115.96 MB used, 115.97 MB peak
[2024.08.28-11.33.28:573][  0]LogMemory: Process Virtual Memory: 95.48 MB used, 95.48 MB peak
[2024.08.28-11.33.28:573][  0]LogMemory: Physical Memory: 7549.80 MB used,  8768.33 MB free, 16318.13 MB total
[2024.08.28-11.33.28:573][  0]LogMemory: Virtual Memory: 5139.39 MB used,  134212592.00 MB free, 134217728.00 MB total
[2024.08.28-11.33.28:580][  0]LogWindows: WindowsPlatformFeatures enabled
[2024.08.28-11.33.28:610][  0]LogInit: Physics initialised using underlying interface: PhysX
[2024.08.28-11.33.28:610][  0]LogInit: Using OS detected language (ko-KR).
[2024.08.28-11.33.28:610][  0]LogInit: Using OS detected locale (ko-KR).
[2024.08.28-11.33.28:613][  0]LogTextLocalizationManager: No specific localization for 'ko-KR' exists, so the 'ko' localization will be used.
[2024.08.28-11.33.28:695][  0]LogInit: Setting process to per monitor DPI aware
[2024.08.28-11.33.28:735][  0]LogSlate: New Slate User Created.  User Index 0, Is Virtual User: 0
[2024.08.28-11.33.28:735][  0]LogSlate: Slate User Registered.  User Index 0, Is Virtual User: 0
[2024.08.28-11.33.28:926][  0]LogHMD: Failed to initialize OpenVR with code 110
[2024.08.28-11.33.28:926][  0]LogD3D11RHI: D3D11 min allowed feature level: 11_0
[2024.08.28-11.33.28:926][  0]LogD3D11RHI: D3D11 max allowed feature level: 11_0
[2024.08.28-11.33.28:926][  0]LogD3D11RHI: D3D11 adapters:
[2024.08.28-11.33.29:048][  0]LogD3D11RHI:    0. 'NVIDIA GeForce GTX 1050' (Feature Level 11_0)
[2024.08.28-11.33.29:048][  0]LogD3D11RHI:       1977/0/8159 MB DedicatedVideo/DedicatedSystem/SharedSystem, Outputs:1, VendorId:0x10de
[2024.08.28-11.33.29:051][  0]LogD3D11RHI:    1. 'Microsoft Basic Render Driver' (Feature Level 11_0)
[2024.08.28-11.33.29:051][  0]LogD3D11RHI:       0/0/8159 MB DedicatedVideo/DedicatedSystem/SharedSystem, Outputs:0, VendorId:0x1414
[2024.08.28-11.33.29:051][  0]LogD3D11RHI: Chosen D3D11 Adapter: 0
[2024.08.28-11.33.29:055][  0]LogD3D11RHI: Creating new Direct3DDevice
[2024.08.28-11.33.29:055][  0]LogD3D11RHI:     GPU DeviceId: 0x1c81 (for the marketing name, search the web for "GPU Device Id")
[2024.08.28-11.33.29:055][  0]LogWindows: EnumDisplayDevices:
[2024.08.28-11.33.29:055][  0]LogWindows:    0. 'NVIDIA GeForce GTX 1050' (P:1 D:1)
[2024.08.28-11.33.29:056][  0]LogWindows:    1. 'NVIDIA GeForce GTX 1050' (P:0 D:0)
[2024.08.28-11.33.29:056][  0]LogWindows:    2. 'NVIDIA GeForce GTX 1050' (P:0 D:0)
[2024.08.28-11.33.29:057][  0]LogWindows:    3. 'NVIDIA GeForce GTX 1050' (P:0 D:0)
[2024.08.28-11.33.29:057][  0]LogWindows: DebugString: FoundDriverCount:4 
[2024.08.28-11.33.29:057][  0]LogD3D11RHI:     Adapter Name: NVIDIA GeForce GTX 1050
[2024.08.28-11.33.29:057][  0]LogD3D11RHI:   Driver Version: 512.15 (internal:30.0.15.1215, unified:512.15)
[2024.08.28-11.33.29:057][  0]LogD3D11RHI:      Driver Date: 3-17-2022
[2024.08.28-11.33.29:057][  0]LogRHI: Texture pool is 1384 MB (70% of 1977 MB)
[2024.08.28-11.33.29:118][  0]LogD3D11RHI: RHI has support for 64 bit atomics
[2024.08.28-11.33.29:118][  0]LogD3D11RHI: Async texture creation enabled
[2024.08.28-11.33.29:118][  0]LogD3D11RHI: Array index from any shader is supported
[2024.08.28-11.33.29:134][  0]LogD3D11RHI: GPU Timing Frequency: 1000.000000 (Debug: 2 1)
[2024.08.28-11.33.29:422][  0]LogTargetPlatformManager: Display: Loaded TargetPlatform 'AllDesktop'
[2024.08.28-11.33.29:442][  0]LogTargetPlatformManager: Display: Loaded TargetPlatform 'Android'
[2024.08.28-11.33.29:442][  0]LogTargetPlatformManager: Display: Loaded TargetPlatform 'Android_ASTC'
[2024.08.28-11.33.29:442][  0]LogTargetPlatformManager: Display: Loaded TargetPlatform 'Android_DXT'
[2024.08.28-11.33.29:442][  0]LogTargetPlatformManager: Display: Loaded TargetPlatform 'Android_ETC2'
[2024.08.28-11.33.29:442][  0]LogTargetPlatformManager: Display: Loaded TargetPlatform 'AndroidClient'
[2024.08.28-11.33.29:442][  0]LogTargetPlatformManager: Display: Loaded TargetPlatform 'Android_ASTCClient'
[2024.08.28-11.33.29:442][  0]LogTargetPlatformManager: Display: Loaded TargetPlatform 'Android_DXTClient'
[2024.08.28-11.33.29:442][  0]LogTargetPlatformManager: Display: Loaded TargetPlatform 'Android_ETC2Client'
[2024.08.28-11.33.29:442][  0]LogTargetPlatformManager: Display: Loaded TargetPlatform 'Android_Multi'
[2024.08.28-11.33.29:442][  0]LogTargetPlatformManager: Display: Loaded TargetPlatform 'Android_MultiClient'
[2024.08.28-11.33.29:466][  0]LogTargetPlatformManager: Display: Loaded TargetPlatform 'IOSClient'
[2024.08.28-11.33.29:466][  0]LogTargetPlatformManager: Display: Loaded TargetPlatform 'IOS'
[2024.08.28-11.33.29:476][  0]LogTargetPlatformManager: Display: Loaded TargetPlatform 'Linux'
[2024.08.28-11.33.29:485][  0]LogTargetPlatformManager: Display: Loaded TargetPlatform 'LinuxNoEditor'
[2024.08.28-11.33.29:494][  0]LogTargetPlatformManager: Display: Loaded TargetPlatform 'LinuxClient'
[2024.08.28-11.33.29:503][  0]LogTargetPlatformManager: Display: Loaded TargetPlatform 'LinuxServer'
[2024.08.28-11.33.29:513][  0]LogTargetPlatformManager: Display: Loaded TargetPlatform 'LinuxAArch64NoEditor'
[2024.08.28-11.33.29:522][  0]LogTargetPlatformManager: Display: Loaded TargetPlatform 'LinuxAArch64Client'
[2024.08.28-11.33.29:531][  0]LogTargetPlatformManager: Display: Loaded TargetPlatform 'LinuxAArch64Server'
[2024.08.28-11.33.29:558][  0]LogTargetPlatformManager: Display: Loaded TargetPlatform 'Lumin'
[2024.08.28-11.33.29:558][  0]LogTargetPlatformManager: Display: Loaded TargetPlatform 'LuminClient'
[2024.08.28-11.33.29:573][  0]LogTargetPlatformManager: Display: Loaded TargetPlatform 'TVOSClient'
[2024.08.28-11.33.29:573][  0]LogTargetPlatformManager: Display: Loaded TargetPlatform 'TVOS'
[2024.08.28-11.33.29:583][  0]LogTargetPlatformManager: Display: Loaded TargetPlatform 'WindowsNoEditor'
[2024.08.28-11.33.29:592][  0]LogTargetPlatformManager: Display: Loaded TargetPlatform 'Windows'
[2024.08.28-11.33.29:601][  0]LogTargetPlatformManager: Display: Loaded TargetPlatform 'WindowsClient'
[2024.08.28-11.33.29:610][  0]LogTargetPlatformManager: Display: Loaded TargetPlatform 'WindowsServer'
[2024.08.28-11.33.29:611][  0]LogTargetPlatformManager: Display: Building Assets For Windows
[2024.08.28-11.33.29:618][  0]LogAudioDebug: Display: Lib vorbis DLL was dynamically loaded.
[2024.08.28-11.33.29:679][  0]LogShaderCompilers: Guid format shader working directory is 11 characters bigger than the processId version (C:/LJS/IM03_ThirdPersonBP/Tada01_Start/Intermediate/Shaders/WorkingDirectory/11588/).
[2024.08.28-11.33.29:679][  0]LogShaderCompilers: Cleaned the shader compiler working directory 'C:/Users/SGA_D_013/AppData/Local/Temp/UnrealShaderWorkingDir/025FC45149778CD3B843CAB95906E921/'.
[2024.08.28-11.33.29:680][  0]LogXGEController: Cannot use XGE Controller as Incredibuild is not installed on this machine.
[2024.08.28-11.33.29:680][  0]LogShaderCompilers: Cannot use XGE Shader Compiler as Incredibuild is not installed on this machine.
[2024.08.28-11.33.29:680][  0]LogShaderCompilers: Display: Using Local Shader Compiler.
[2024.08.28-11.33.30:387][  0]LogDerivedDataCache: Display: Max Cache Size: 512 MB
[2024.08.28-11.33.30:433][  0]LogDerivedDataCache: Loaded boot cache 0.04s 76MB C:/Users/SGA_D_013/AppData/Local/UnrealEngine/4.25/DerivedDataCache/Boot.ddc.
[2024.08.28-11.33.30:433][  0]LogDerivedDataCache: Display: Loaded Boot cache: C:/Users/SGA_D_013/AppData/Local/UnrealEngine/4.25/DerivedDataCache/Boot.ddc
[2024.08.28-11.33.30:433][  0]LogDerivedDataCache: FDerivedDataBackendGraph:  Pak pak cache file C:/LJS/IM03_ThirdPersonBP/Tada01_Start/DerivedDataCache/DDC.ddp not found, will not use a pak cache.
[2024.08.28-11.33.30:433][  0]LogDerivedDataCache: Unable to find inner node Pak for hierarchical cache Hierarchy.
[2024.08.28-11.33.30:433][  0]LogDerivedDataCache: FDerivedDataBackendGraph:  CompressedPak pak cache file C:/LJS/IM03_ThirdPersonBP/Tada01_Start/DerivedDataCache/Compressed.ddp not found, will not use a pak cache.
[2024.08.28-11.33.30:433][  0]LogDerivedDataCache: Unable to find inner node CompressedPak for hierarchical cache Hierarchy.
[2024.08.28-11.33.30:442][  0]LogDerivedDataCache: Display: Pak cache opened for reading ../../../Engine/DerivedDataCache/Compressed.ddp.
[2024.08.28-11.33.30:442][  0]LogDerivedDataCache: FDerivedDataBackendGraph:  EnterprisePak pak cache file ../../../Enterprise/DerivedDataCache/Compressed.ddp not found, will not use a pak cache.
[2024.08.28-11.33.30:442][  0]LogDerivedDataCache: Unable to find inner node EnterprisePak for hierarchical cache Hierarchy.
[2024.08.28-11.33.30:444][  0]LogDerivedDataCache: Using Local data cache path C:/Users/SGA_D_013/AppData/Local/UnrealEngine/Common/DerivedDataCache: Writable
[2024.08.28-11.33.30:444][  0]LogDerivedDataCache: Shared data cache path not found in *engine.ini, will not use an Shared cache.
[2024.08.28-11.33.30:444][  0]LogDerivedDataCache: Unable to find inner node Shared for hierarchical cache Hierarchy.
[2024.08.28-11.33.30:488][  0]LogSlate: Using FreeType 2.10.0
[2024.08.28-11.33.30:489][  0]LogSlate: SlateFontServices - WITH_FREETYPE: 1, WITH_HARFBUZZ: 1
[2024.08.28-11.33.30:514][  0]LogAssetRegistry: FAssetRegistry took 0.0023 seconds to start up
[2024.08.28-11.33.30:706][  0]LogInit: Selected Device Profile: [Windows]
[2024.08.28-11.33.30:813][  0]LogMeshReduction: Using QuadricMeshReduction for automatic static mesh reduction
[2024.08.28-11.33.30:813][  0]LogMeshReduction: Using SimplygonMeshReduction for automatic skeletal mesh reduction
[2024.08.28-11.33.30:813][  0]LogMeshReduction: Using ProxyLODMeshReduction for automatic mesh merging
[2024.08.28-11.33.30:813][  0]LogMeshReduction: No distributed automatic mesh merging module available
[2024.08.28-11.33.30:813][  0]LogMeshMerging: No distributed automatic mesh merging module available
[2024.08.28-11.33.30:827][  0]LogNetVersion: Tada01_Start 1.0.0, NetCL: 13144385, EngineNetVer: 14, GameNetVer: 0 (Checksum: 920382154)
[2024.08.28-11.33.31:227][  0]LogAISub: UAISubsystem::UAISubsystem AISubsystem (0000018A70491B00), frame # 0
[2024.08.28-11.33.31:227][  0]LogAISub: UAISubsystem::UAISubsystem AIPerceptionSystem (0000018A749C11C0), frame # 0
[2024.08.28-11.33.31:228][  0]LogAISub: UAISubsystem::UAISubsystem EnvQueryManager (0000018A70426000), frame # 0
[2024.08.28-11.33.31:270][  0]LogPackageLocalizationCache: Processed 19 localized package path(s) for 1 prioritized culture(s) in 0.036447 seconds
[2024.08.28-11.33.31:274][  0]LogUObjectArray: 15917 objects as part of root set at end of initial load.
[2024.08.28-11.33.31:274][  0]LogUObjectAllocator: 3965568 out of 0 bytes used by permanent object pool.
[2024.08.28-11.33.31:274][  0]LogUObjectArray: CloseDisregardForGC: 0/0 objects in disregard for GC pool
[2024.08.28-11.33.31:607][  0]LogTcpMessaging: Initializing TcpMessaging bridge
[2024.08.28-11.33.31:642][  0]LogUdpMessaging: Initializing bridge on interface 0.0.0.0:0 to multicast group 230.0.0.1:6666.
[2024.08.28-11.33.31:731][  0]SourceControl: 소스 컨트롤이 꺼졌습니다.
[2024.08.28-11.33.31:731][  0]SourceControl: 소스 컨트롤이 꺼졌습니다.
[2024.08.28-11.33.31:734][  0]SourceControl: 소스 컨트롤이 꺼졌습니다.
[2024.08.28-11.33.31:737][  0]SourceControl: 소스 컨트롤이 꺼졌습니다.
[2024.08.28-11.33.31:745][  0]SourceControl: 소스 컨트롤이 꺼졌습니다.
[2024.08.28-11.33.32:001][  0]LogAndroidPermission: UAndroidPermissionCallbackProxy::GetInstance
[2024.08.28-11.33.32:022][  0]LogAudioCaptureCore: Display: No Audio Capture implementations found. Audio input will be silent.
[2024.08.28-11.33.32:022][  0]LogAudioCaptureCore: Display: No Audio Capture implementations found. Audio input will be silent.
[2024.08.28-11.33.32:070][  0]LogOcInput: OculusInput pre-init called
[2024.08.28-11.33.32:081][  0]LogWindows: Failed to load 'OVRPlugin.dll' (GetLastError=126)
[2024.08.28-11.33.32:081][  0]LogWindows: File 'OVRPlugin.dll' does not exist
[2024.08.28-11.33.32:137][  0]LogEngine: Initializing Engine...
[2024.08.28-11.33.32:139][  0]LogHMD: Failed to initialize OpenVR with code 110
[2024.08.28-11.33.32:139][  0]LogMagicLeap: Warning: VR disabled because ZI is not enabled.  To enable, in the editor, Edit -> Project Settings -> Plugins -> Magic Leap Plugin -> Enable Zero Iteration
[2024.08.28-11.33.32:140][  0]LogStats: UGameplayTagsManager::InitializeManager -  0.000 s
[2024.08.28-11.33.32:237][  0]LogInit: Initializing FReadOnlyCVARCache
[2024.08.28-11.33.32:245][  0]LogAIModule: Creating AISystem for world Untitled
[2024.08.28-11.33.32:245][  0]LogAISub: UAISubsystem::UAISubsystem EnvQueryManager (0000018A77637C00), frame # 0
[2024.08.28-11.33.32:245][  0]LogAISub: UAISubsystem::UAISubsystem AIPerceptionSystem (0000018A7768A480), frame # 0
[2024.08.28-11.33.32:260][  0]LogAudioMixer: Display: Audio Mixer Platform Settings:
[2024.08.28-11.33.32:260][  0]LogAudioMixer: Display: 	Sample Rate:						  48000
[2024.08.28-11.33.32:260][  0]LogAudioMixer: Display: 	Callback Buffer Frame Size Requested: 1024
[2024.08.28-11.33.32:260][  0]LogAudioMixer: Display: 	Callback Buffer Frame Size To Use:	  1024
[2024.08.28-11.33.32:260][  0]LogAudioMixer: Display: 	Number of buffers to queue:			  2
[2024.08.28-11.33.32:260][  0]LogAudioMixer: Display: 	Max Channels (voices):				  32
[2024.08.28-11.33.32:260][  0]LogAudioMixer: Display: 	Number of Async Source Workers:		  0
[2024.08.28-11.33.32:260][  0]LogAudio: Display: AudioDevice MaxSources: 32
[2024.08.28-11.33.32:260][  0]LogAudio: Display: Using built-in audio occlusion.
[2024.08.28-11.33.32:260][  0]LogAudioMixer: Display: Initializing audio mixer.
[2024.08.28-11.33.32:269][  0]LogAudioMixer: Display: Using Audio Device Unknown
[2024.08.28-11.33.32:271][  0]LogAudioMixer: Display: Initializing Sound Submixes...
[2024.08.28-11.33.32:274][  0]LogAudioMixer: Display: Creating Master Submix 'MasterSubmixDefault'
[2024.08.28-11.33.32:274][  0]LogAudioMixer: Display: Creating Master Submix 'MasterReverbSubmixDefault'
[2024.08.28-11.33.32:274][  0]LogAudioMixer: Display: Creating Master Submix 'MasterEQSubmixDefault'
[2024.08.28-11.33.32:276][  0]LogInit: FAudioDevice initialized.
[2024.08.28-11.33.32:276][  0]LogNetVersion: Set ProjectVersion to 1.0.0.0. Version Checksum will be recalculated on next use.
[2024.08.28-11.33.32:353][  0]LogDerivedDataCache: Saved boot cache 0.08s 76MB C:/Users/SGA_D_013/AppData/Local/UnrealEngine/4.25/DerivedDataCache/Boot.ddc.
[2024.08.28-11.33.32:354][  0]LogInit: Texture streaming: Enabled
[2024.08.28-11.33.32:371][  0]LogEngineSessionManager: EngineSessionManager initialized
[2024.08.28-11.33.32:371][  0]LogEditorSessionSummary: Verbose: Initializing EditorSessionSummaryWriter for editor session tracking
[2024.08.28-11.33.32:374][  0]LogEditorSessionSummary: EditorSessionSummaryWriter initialized
[2024.08.28-11.33.32:388][  0]LogInit: Transaction tracking system initialized
[2024.08.28-11.33.32:410][  0]BlueprintLog: New page: 에디터 로드
[2024.08.28-11.33.32:500][  0]LocalizationService: 현지화 서비스가 비활성화되었습니다.
[2024.08.28-11.33.32:664][  0]LogCook: Display: Max memory allowance for cook 16384mb min free memory 0mb
[2024.08.28-11.33.32:664][  0]LogFileCache: Scanning file cache for directory 'C:/LJS/IM03_ThirdPersonBP/Tada01_Start/Content/' took 0.00s
[2024.08.28-11.33.32:664][  0]LogCook: Display: Mobile HDR setting 1
[2024.08.28-11.33.33:033][  0]SourceControl: 소스 컨트롤이 꺼졌습니다.
[2024.08.28-11.33.33:033][  0]LogUnrealEdMisc: Loading editor; pre map load, took 6.301
[2024.08.28-11.33.33:033][  0]Cmd: MAP LOAD FILE="../../../Engine/Content/Maps/Templates/Template_Default.umap" TEMPLATE=1 SHOWPROGRESS=1 FEATURELEVEL=3
[2024.08.28-11.33.33:033][  0]LightingResults: New page: 라이팅 빌드
[2024.08.28-11.33.33:066][  0]LogWorld: UWorld::CleanupWorld for Untitled, bSessionEnded=true, bCleanupResources=true
[2024.08.28-11.33.33:066][  0]LogSlate: InvalidateAllWidgets triggered.  All widgets were invalidated
[2024.08.28-11.33.33:066][  0]MapCheck: New page: 맵 체크
[2024.08.28-11.33.33:066][  0]LightingResults: New page: 라이팅 빌드
[2024.08.28-11.33.33:095][  0]LogAISub: UAISubsystem::~UAISubsystem EnvQueryManager (0000018A77637C00), frame # 0
[2024.08.28-11.33.33:095][  0]LogAISub: UAISubsystem::~UAISubsystem AIPerceptionSystem (0000018A7768A480), frame # 0
[2024.08.28-11.33.33:097][  0]LogUObjectHash: Compacting FUObjectHashTables data took   1.71ms
[2024.08.28-11.33.33:172][  0]LogAIModule: Creating AISystem for world Untitled_1
[2024.08.28-11.33.33:172][  0]LogAISub: UAISubsystem::UAISubsystem EnvQueryManager (0000018A6409BE00), frame # 0
[2024.08.28-11.33.33:172][  0]LogAISub: UAISubsystem::UAISubsystem AIPerceptionSystem (0000018A6415D080), frame # 0
[2024.08.28-11.33.33:175][  0]LogEditorServer: Finished looking for orphan Actors (0.000 secs)
[2024.08.28-11.33.33:184][  0]LogUObjectHash: Compacting FUObjectHashTables data took   0.63ms
[2024.08.28-11.33.33:185][  0]Cmd: MAP CHECKDEP NOCLEARLOG
[2024.08.28-11.33.33:185][  0]MapCheck: 맵 체크 완료: 오류 0 회, 경고 0 회, 소요 시간 0.227ms.
[2024.08.28-11.33.33:185][  0]LogFileHelpers: Loading map 'Template_Default' took 0.151
[2024.08.28-11.33.33:186][  0]LogUnrealEdMisc: Total Editor Startup Time, took 6.454
[2024.08.28-11.33.33:320][  0]LogSlate: Updating window title bar state: overlay mode, drag disabled, window buttons hidden, title bar hidden
[2024.08.28-11.33.33:325][  0]LogSlate: Updating window title bar state: overlay mode, drag disabled, window buttons hidden, title bar hidden
[2024.08.28-11.33.33:331][  0]LogSlate: Updating window title bar state: overlay mode, drag disabled, window buttons hidden, title bar hidden
[2024.08.28-11.33.33:336][  0]LogSlate: Updating window title bar state: overlay mode, drag disabled, window buttons hidden, title bar hidden
[2024.08.28-11.33.33:345][  0]LogCollectionManager: Loaded 0 collections in 0.000821 seconds
[2024.08.28-11.33.33:358][  0]LogFileCache: Scanning file cache for directory 'C:/LJS/IM03_ThirdPersonBP/Tada01_Start/Saved/Collections/' took 0.00s
[2024.08.28-11.33.33:358][  0]LogFileCache: Scanning file cache for directory 'C:/LJS/IM03_ThirdPersonBP/Tada01_Start/Content/Developers/SGAD013/Collections/' took 0.00s
[2024.08.28-11.33.33:358][  0]LogFileCache: Scanning file cache for directory 'C:/LJS/IM03_ThirdPersonBP/Tada01_Start/Content/Collections/' took 0.00s
[2024.08.28-11.33.33:358][  0]LogContentBrowser: Native class hierarchy populated in 0.0078 seconds. Added 3427 classes and 821 folders.
[2024.08.28-11.33.33:361][  0]LogContentBrowser: Native class hierarchy updated for 'WidgetCarousel' in 0.0003 seconds. Added 0 classes and 0 folders.
[2024.08.28-11.33.33:424][  0]LogContentBrowser: Native class hierarchy updated for 'AddContentDialog' in 0.0002 seconds. Added 0 classes and 0 folders.
[2024.08.28-11.33.33:427][  0]LogContentBrowser: Native class hierarchy updated for 'SceneOutliner' in 0.0003 seconds. Added 2 classes and 0 folders.
[2024.08.28-11.33.33:507][  0]LogSlate: Took 0.000265 seconds to synchronously load lazily loaded font '../../../Engine/Content/Slate/Fonts/Roboto-Regular.ttf' (155K)
[2024.08.28-11.33.33:509][  0]LogSlate: Took 0.001466 seconds to synchronously load lazily loaded font '../../../Engine/Content/Editor/Slate/Fonts/NanumGothic.ttf' (4243K)
[2024.08.28-11.33.33:511][  0]LogSlate: Took 0.001530 seconds to synchronously load lazily loaded font '../../../Engine/Content/Editor/Slate/Fonts/NanumGothicBold.ttf' (4188K)
[2024.08.28-11.33.33:512][  0]LogSlate: Took 0.000148 seconds to synchronously load lazily loaded font '../../../Engine/Content/Slate/Fonts/Roboto-Bold.ttf' (160K)
[2024.08.28-11.33.33:514][  0]LogSlate: Took 0.000181 seconds to synchronously load lazily loaded font '../../../Engine/Content/Editor/Slate/Fonts/FontAwesome.ttf' (139K)
[2024.08.28-11.33.33:570][  0]LogRenderer: Reallocating scene render targets to support 1088x576 Format 10 NumSamples 1 (Frame:1).
[2024.08.28-11.33.33:655][  0]LogContentBrowser: Native class hierarchy updated for 'HierarchicalLODOutliner' in 0.0002 seconds. Added 0 classes and 0 folders.
[2024.08.28-11.33.33:655][  0]LogLoad: (Engine Initialization) Total time: 6.92 seconds
[2024.08.28-11.33.33:655][  0]LogLoad: (Engine Initialization) Total Blueprint compile time: 0.00 seconds
[2024.08.28-11.33.33:685][  0]LogContentStreaming: Texture pool size now 1000 MB
[2024.08.28-11.33.44:974][229]LogSlate: Took 0.000411 seconds to synchronously load lazily loaded font '../../../Engine/Content/Slate/Fonts/Roboto-Light.ttf' (167K)
[2024.08.28-11.33.51:768][792]LogAssetRegistry: Asset discovery search completed in 21.2546 seconds
[2024.08.28-11.33.51:771][792]LogCollectionManager: Fixed up redirectors for 0 collections in 0.000002 seconds (updated 0 objects)
[2024.08.28-11.33.52:433][794]LogDirectoryWatcher: A directory notification failed for 'C:/LJS/IM03_ThirdPersonBP/Tada01_Start/Content/Collections/' because it could not be accessed. Aborting watch request...
[2024.08.28-11.33.52:433][794]LogDirectoryWatcher: A directory notification failed for 'C:/LJS/IM03_ThirdPersonBP/Tada01_Start/Saved/Collections/' because it could not be accessed. Aborting watch request...
[2024.08.28-11.33.52:433][794]LogDirectoryWatcher: A directory notification failed for 'C:/LJS/IM03_ThirdPersonBP/Tada01_Start/Content/Developers/SGAD013/Collections/' because it could not be accessed. Aborting watch request...
[2024.08.28-11.33.56:744][146]LogSlate: Took 0.000204 seconds to synchronously load lazily loaded font '../../../Engine/Content/Slate/Fonts/Roboto-Light.ttf' (167K)
[2024.08.28-11.33.57:495][146]LogMaterial: Display: Missing cached shader map for material M_Blade_SmAxe, compiling. 
[2024.08.28-11.34.01:728][146]LogShaderCompilers: Display: Worker (1/3): shaders left to compile 39
[2024.08.28-11.34.01:728][146]LogShaderCompilers: Display: Worker (2/3): shaders left to compile 29
[2024.08.28-11.34.01:728][146]LogShaderCompilers: Display: Worker (2/3): shaders left to compile 19
[2024.08.28-11.34.01:728][146]LogShaderCompilers: Display: Worker (1/3): shaders left to compile 9
[2024.08.28-11.34.01:728][146]LogMaterial: Display: Missing cached shader map for material M_Blade_HeroSword17, compiling. 
[2024.08.28-11.34.01:777][146]LogMaterial: Display: Missing cached shader map for material M_Blade_HeroSword16, compiling. 
[2024.08.28-11.34.01:826][146]LogMaterial: Display: Missing cached shader map for material M_Blade_HeroSword11, compiling. 
[2024.08.28-11.34.01:872][146]LogMaterial: Display: Missing cached shader map for material M_Blade_HeroSword, compiling. 
[2024.08.28-11.34.01:922][146]LogMaterial: Display: Missing cached shader map for material M_Blade_Glimmer, compiling. 
[2024.08.28-11.34.01:993][146]LogMaterial: Display: Missing cached shader map for material M_Blade_Fencer, compiling. 
[2024.08.28-11.34.02:048][146]LogMaterial: Display: Missing cached shader map for material M_Blade_DragonSword, compiling. 
[2024.08.28-11.34.02:112][146]LogMaterial: Display: Missing cached shader map for material M_Blade_BlackWyrmBlade, compiling. 
[2024.08.28-11.34.02:208][146]LogMaterial: Display: Missing cached shader map for material M_Blade_Sucker, compiling. 
[2024.08.28-11.34.02:288][146]LogMaterial: Display: Missing cached shader map for material M_Blade_Finger, compiling. 
[2024.08.28-11.34.02:351][146]LogMaterial: Display: Missing cached shader map for material M_Blade_Driver, compiling. 
[2024.08.28-11.34.02:407][146]LogMaterial: Display: Missing cached shader map for material M_Blade_ChickenBlade, compiling. 
[2024.08.28-11.34.02:461][146]LogMaterial: Display: Missing cached shader map for material M_Blade_Chainsaw, compiling. 
[2024.08.28-11.34.02:514][146]LogShaderCompilers: Display: Worker (1/3): shaders left to compile 472
[2024.08.28-11.34.02:514][146]LogMaterial: Display: Missing cached shader map for material M_Blade_Bubblewand, compiling. 
[2024.08.28-11.34.02:567][146]LogMaterial: Display: Missing cached shader map for material M_Blade_BatAxe, compiling. 
[2024.08.28-11.34.02:645][146]LogMaterial: Display: Missing cached shader map for material M_Blade_Balloon, compiling. 
[2024.08.28-11.34.02:714][146]LogMaterial: Display: Missing cached shader map for material M_Blade_Baguette, compiling. 
[2024.08.28-11.34.02:768][146]LogMaterial: Display: Missing cached shader map for material M_Blade_ThornAxe, compiling. 
[2024.08.28-11.34.02:822][146]LogMaterial: Display: Missing cached shader map for material M_Blade_TechAxe, compiling. 
[2024.08.28-11.34.02:898][146]LogMaterial: Display: Missing cached shader map for material M_Blade_TAxe, compiling. 
[2024.08.28-11.34.02:969][146]LogMaterial: Display: Missing cached shader map for material M_Blade_SpikeAxe, compiling. 
[2024.08.28-11.34.03:019][146]LogMaterial: Display: Missing cached shader map for material M_Blade_Snarl, compiling. 
[2024.08.28-11.34.03:066][146]LogActorComponent: RegisterComponentWithWorld: (/Game/InfinityBladeWeapons/Maps/Overview.Overview:PersistentLevel.WorldSettings_1.StaticMeshComponent0) Trying to register component with IsPendingKill() == true. Aborting.
[2024.08.28-11.34.03:070][146]LogAssetEditorSubsystem: Opening Asset editor for World /Game/InfinityBladeWeapons/Maps/Overview.Overview
[2024.08.28-11.34.03:079][146]LogUObjectHash: Compacting FUObjectHashTables data took   0.69ms
[2024.08.28-11.34.03:081][146]Cmd: MAP LOAD FILE="C:/LJS/IM03_ThirdPersonBP/Tada01_Start/Content/InfinityBladeWeapons/Maps/Overview.umap" TEMPLATE=0 SHOWPROGRESS=1 FEATURELEVEL=3
[2024.08.28-11.34.03:081][146]LightingResults: New page: 라이팅 빌드
[2024.08.28-11.34.03:081][146]LoadErrors: New page: 맵 로드중: Overview.umap
[2024.08.28-11.34.03:104][146]LogWorld: UWorld::CleanupWorld for Untitled_1, bSessionEnded=true, bCleanupResources=true
[2024.08.28-11.34.03:104][146]LogSlate: InvalidateAllWidgets triggered.  All widgets were invalidated
[2024.08.28-11.34.03:104][146]MapCheck: New page: 맵 체크
[2024.08.28-11.34.03:104][146]LightingResults: New page: 라이팅 빌드
[2024.08.28-11.34.03:113][146]LogAISub: UAISubsystem::~UAISubsystem EnvQueryManager (0000018A6409BE00), frame # 2146
[2024.08.28-11.34.03:114][146]LogAISub: UAISubsystem::~UAISubsystem AIPerceptionSystem (0000018A6415D080), frame # 2146
[2024.08.28-11.34.03:114][146]LogUObjectHash: Compacting FUObjectHashTables data took   0.66ms
[2024.08.28-11.34.03:236][146]LogEditorServer: Finished looking for orphan Actors (0.000 secs)
[2024.08.28-11.34.03:236][146]LogAIModule: Creating AISystem for world Overview
[2024.08.28-11.34.03:236][146]LogAISub: UAISubsystem::UAISubsystem EnvQueryManager (0000018A2E4E9200), frame # 2146
[2024.08.28-11.34.03:236][146]LogAISub: UAISubsystem::UAISubsystem AIPerceptionSystem (0000018A28E1A480), frame # 2146
[2024.08.28-11.34.03:247][146]LogUObjectHash: Compacting FUObjectHashTables data took   0.59ms
[2024.08.28-11.34.03:256][146]LogShaderCompilers: Display: Worker (2/3): shaders left to compile 852
[2024.08.28-11.34.03:256][146]Cmd: MAP CHECKDEP NOCLEARLOG
[2024.08.28-11.34.03:257][146]MapCheck: 맵 체크 완료: 오류 0 회, 경고 0 회, 소요 시간 0.176ms.
[2024.08.28-11.34.03:257][146]LogFileHelpers: Loading map 'Overview' took 0.176
[2024.08.28-11.34.04:829][270]LogShaderCompilers: Display: Worker (1/3): shaders left to compile 842
[2024.08.28-11.34.06:263][432]LogShaderCompilers: Display: Worker (2/3): shaders left to compile 832
[2024.08.28-11.34.08:114][633]LogShaderCompilers: Display: Worker (1/3): shaders left to compile 822
[2024.08.28-11.34.10:294][892]LogShaderCompilers: Display: Worker (2/3): shaders left to compile 812
[2024.08.28-11.34.10:686][938]LogShaderCompilers: Display: Worker (1/3): shaders left to compile 802
[2024.08.28-11.34.13:111][228]LogShaderCompilers: Display: Worker (2/3): shaders left to compile 792
[2024.08.28-11.34.13:487][273]LogShaderCompilers: Display: Worker (1/3): shaders left to compile 782
[2024.08.28-11.34.16:178][596]LogShaderCompilers: Display: Worker (1/3): shaders left to compile 772
[2024.08.28-11.34.16:453][628]LogShaderCompilers: Display: Worker (2/3): shaders left to compile 762
[2024.08.28-11.34.17:175][692]LogEditorViewport: Clicking on Actor (LMB): StaticMeshActor (SM_AssetPlatform2)
[2024.08.28-11.34.17:709][741]LogEditorViewport: Clicking on Actor (LMB): SkeletalMeshActor (SK_Blade_FrostGiant)
[2024.08.28-11.34.18:849][868]LogShaderCompilers: Display: Worker (1/3): shaders left to compile 752
[2024.08.28-11.34.19:332][926]LogShaderCompilers: Display: Worker (2/3): shaders left to compile 742
[2024.08.28-11.34.22:143][263]LogShaderCompilers: Display: Worker (2/3): shaders left to compile 732
[2024.08.28-11.34.22:261][276]LogShaderCompilers: Display: Worker (1/3): shaders left to compile 722
[2024.08.28-11.34.24:891][585]LogShaderCompilers: Display: Worker (2/3): shaders left to compile 712
[2024.08.28-11.34.25:308][635]LogShaderCompilers: Display: Worker (1/3): shaders left to compile 702
[2024.08.28-11.34.28:094][940]LogShaderCompilers: Display: Worker (2/3): shaders left to compile 692
[2024.08.28-11.34.28:428][971]LogShaderCompilers: Display: Worker (1/3): shaders left to compile 682
[2024.08.28-11.34.30:859][262]LogShaderCompilers: Display: Worker (2/3): shaders left to compile 672
[2024.08.28-11.34.31:669][359]LogShaderCompilers: Display: Worker (1/3): shaders left to compile 662
[2024.08.28-11.34.34:026][639]LogShaderCompilers: Display: Worker (2/3): shaders left to compile 652
[2024.08.28-11.34.34:614][707]LogShaderCompilers: Display: Worker (1/3): shaders left to compile 642
[2024.08.28-11.34.36:987][991]LogShaderCompilers: Display: Worker (2/3): shaders left to compile 632
[2024.08.28-11.34.37:806][ 89]LogShaderCompilers: Display: Worker (1/3): shaders left to compile 622
[2024.08.28-11.34.40:117][366]LogShaderCompilers: Display: Worker (2/3): shaders left to compile 612
[2024.08.28-11.34.40:578][420]LogShaderCompilers: Display: Worker (1/3): shaders left to compile 602
[2024.08.28-11.34.43:159][712]LogShaderCompilers: Display: Worker (2/3): shaders left to compile 592
[2024.08.28-11.34.43:683][773]LogShaderCompilers: Display: Worker (1/3): shaders left to compile 582
[2024.08.28-11.34.45:601][993]LogShaderCompilers: Display: Worker (2/3): shaders left to compile 572
[2024.08.28-11.34.46:199][ 60]LogShaderCompilers: Display: Worker (1/3): shaders left to compile 562
[2024.08.28-11.34.47:125][166]LogUObjectHash: Compacting FUObjectHashTables data took   0.60ms
[2024.08.28-11.34.48:275][292]LogShaderCompilers: Display: Worker (2/3): shaders left to compile 552
[2024.08.28-11.34.49:644][456]LogShaderCompilers: Display: Worker (1/3): shaders left to compile 542
[2024.08.28-11.34.49:920][489]LogSlate: Window '애셋 리포트' being destroyed
[2024.08.28-11.35.12:986][489]LogShaderCompilers: Display: Worker (2/3): shaders left to compile 532
[2024.08.28-11.35.12:986][489]LogShaderCompilers: Display: Worker (1/3): shaders left to compile 522
[2024.08.28-11.35.12:986][489]LogShaderCompilers: Display: Worker (2/3): shaders left to compile 512
[2024.08.28-11.35.12:986][489]LogShaderCompilers: Display: Worker (1/3): shaders left to compile 502
[2024.08.28-11.35.12:986][489]LogShaderCompilers: Display: Worker (2/3): shaders left to compile 492
[2024.08.28-11.35.12:986][489]LogShaderCompilers: Display: Worker (1/3): shaders left to compile 482
[2024.08.28-11.35.12:986][489]LogShaderCompilers: Display: Worker (2/3): shaders left to compile 472
[2024.08.28-11.35.12:986][489]LogShaderCompilers: Display: Worker (2/3): shaders left to compile 462
[2024.08.28-11.35.12:986][489]LogShaderCompilers: Display: Worker (1/3): shaders left to compile 452
[2024.08.28-11.35.12:986][489]LogShaderCompilers: Display: Worker (2/3): shaders left to compile 442
[2024.08.28-11.35.12:986][489]LogShaderCompilers: Display: Worker (1/3): shaders left to compile 432
[2024.08.28-11.35.12:986][489]LogShaderCompilers: Display: Worker (1/3): shaders left to compile 422
[2024.08.28-11.35.12:986][489]LogShaderCompilers: Display: Worker (2/3): shaders left to compile 412
[2024.08.28-11.35.12:986][489]LogShaderCompilers: Display: Worker (1/3): shaders left to compile 402
[2024.08.28-11.35.12:986][489]LogShaderCompilers: Display: Worker (2/3): shaders left to compile 392
[2024.08.28-11.35.12:986][489]LogShaderCompilers: Display: Worker (1/3): shaders left to compile 382
[2024.08.28-11.35.12:986][489]LogShaderCompilers: Display: Worker (2/3): shaders left to compile 372
[2024.08.28-11.35.12:986][489]LogShaderCompilers: Display: Worker (1/3): shaders left to compile 362
[2024.08.28-11.35.12:986][489]LogShaderCompilers: Display: Worker (2/3): shaders left to compile 352
[2024.08.28-11.35.13:012][489]AssetTools: New page: 콘텐츠 이주가 성공적으로 완료되었습니다!
[2024.08.28-11.35.13:012][489]AssetTools: /Game/InfinityBladeWeapons/Weapons/Blade/Axes/Blade_FrostGiant/SK_Blade_FrostGiant
[2024.08.28-11.35.13:012][489]AssetTools: /Game/InfinityBladeWeapons/Weapons/Blade/Axes/Blade_FrostGiant/M_Blade_FrostGiant
[2024.08.28-11.35.13:012][489]AssetTools: /Game/InfinityBladeWeapons/Weapons/Blade/Axes/Blade_FrostGiant/T_Blade_FrostGiant1_D
[2024.08.28-11.35.13:012][489]AssetTools: /Game/InfinityBladeWeapons/Weapons/Blade/Axes/Blade_FrostGiant/T_Blade_FrostGiant1_M
[2024.08.28-11.35.13:012][489]AssetTools: /Game/InfinityBladeWeapons/Weapons/Blade/Axes/Blade_FrostGiant/T_Blade_FrostGiant1_N
[2024.08.28-11.35.13:012][489]AssetTools: /Game/InfinityBladeWeapons/Weapons/Blade/Axes/Blade_FrostGiant/T_Blade_FrostGiant2_D
[2024.08.28-11.35.13:012][489]AssetTools: /Game/InfinityBladeWeapons/Weapons/Blade/Axes/Blade_FrostGiant/T_Blade_FrostGiant2_M
[2024.08.28-11.35.13:013][489]AssetTools: /Game/InfinityBladeWeapons/Weapons/Blade/Axes/Blade_FrostGiant/T_Blade_FrostGiant2_N
[2024.08.28-11.35.13:013][489]AssetTools: /Game/InfinityBladeWeapons/Weapons/Blade/Axes/Blade_FrostGiant/SK_Blade_FrostGiant_Skeleton
[2024.08.28-11.35.13:039][489]LogShaderCompilers: Display: Worker (2/3): shaders left to compile 342
[2024.08.28-11.35.13:359][494]LogShaderCompilers: Display: Worker (1/3): shaders left to compile 332
[2024.08.28-11.35.15:590][746]LogShaderCompilers: Display: Worker (2/3): shaders left to compile 322
[2024.08.28-11.35.16:663][863]LogShaderCompilers: Display: Worker (1/3): shaders left to compile 312
[2024.08.28-11.35.19:110][103]LogShaderCompilers: Display: Worker (2/3): shaders left to compile 302
[2024.08.28-11.35.19:863][175]LogShaderCompilers: Display: Worker (1/3): shaders left to compile 292
[2024.08.28-11.35.21:902][367]LogShaderCompilers: Display: Worker (2/3): shaders left to compile 282
[2024.08.28-11.35.23:163][488]LogShaderCompilers: Display: Worker (1/3): shaders left to compile 272
[2024.08.28-11.35.25:128][723]LogShaderCompilers: Display: Worker (2/3): shaders left to compile 262
[2024.08.28-11.35.26:064][833]LogShaderCompilers: Display: Worker (1/3): shaders left to compile 252
[2024.08.28-11.35.28:132][ 78]LogShaderCompilers: Display: Worker (2/3): shaders left to compile 242
[2024.08.28-11.35.29:194][165]LogShaderCompilers: Display: Worker (1/3): shaders left to compile 232
[2024.08.28-11.35.30:992][306]LogShaderCompilers: Display: Worker (2/3): shaders left to compile 222
[2024.08.28-11.35.31:702][361]LogShaderCompilers: Display: Worker (1/3): shaders left to compile 212
[2024.08.28-11.35.33:722][525]LogShaderCompilers: Display: Worker (2/3): shaders left to compile 202
[2024.08.28-11.35.34:549][613]LogShaderCompilers: Display: Worker (1/3): shaders left to compile 192
[2024.08.28-11.35.36:151][797]LogShaderCompilers: Display: Worker (2/3): shaders left to compile 182
[2024.08.28-11.35.37:072][907]LogShaderCompilers: Display: Worker (1/3): shaders left to compile 172
[2024.08.28-11.35.38:589][ 89]LogShaderCompilers: Display: Worker (2/3): shaders left to compile 162
[2024.08.28-11.35.40:064][266]LogShaderCompilers: Display: Worker (1/3): shaders left to compile 152
[2024.08.28-11.35.40:958][370]LogShaderCompilers: Display: Worker (2/3): shaders left to compile 142
[2024.08.28-11.35.42:504][551]LogShaderCompilers: Display: Worker (1/3): shaders left to compile 132
[2024.08.28-11.35.43:291][642]LogShaderCompilers: Display: Worker (2/3): shaders left to compile 122
[2024.08.28-11.35.45:567][915]LogShaderCompilers: Display: Worker (2/3): shaders left to compile 112
[2024.08.28-11.35.45:660][926]LogShaderCompilers: Display: Worker (1/3): shaders left to compile 102
[2024.08.28-11.35.47:858][187]LogShaderCompilers: Display: Worker (2/3): shaders left to compile 92
[2024.08.28-11.35.48:175][225]LogShaderCompilers: Display: Worker (1/3): shaders left to compile 82
[2024.08.28-11.35.50:292][445]LogShaderCompilers: Display: Worker (1/3): shaders left to compile 72
[2024.08.28-11.35.50:965][520]LogShaderCompilers: Display: Worker (2/3): shaders left to compile 62
[2024.08.28-11.35.52:809][733]LogShaderCompilers: Display: Worker (1/3): shaders left to compile 52
[2024.08.28-11.35.53:726][837]LogShaderCompilers: Display: Worker (2/3): shaders left to compile 42
[2024.08.28-11.35.56:206][131]LogShaderCompilers: Display: Worker (2/3): shaders left to compile 32
[2024.08.28-11.35.56:597][178]LogShaderCompilers: Display: Worker (1/3): shaders left to compile 22
[2024.08.28-11.35.58:972][461]LogShaderCompilers: Display: Worker (2/3): shaders left to compile 12
[2024.08.28-11.35.59:297][500]LogShaderCompilers: Display: Worker (1/3): shaders left to compile 5
[2024.08.28-11.35.59:964][580]LogShaderCompilers: Display: Worker (1/3): shaders left to compile 2
